0 info it worked if it ends with ok
1 verbose cli [ 'node', '/usr/local/bin/npm', 'install' ]
2 info using npm@1.1.36
3 info using node@v0.8.2
4 verbose config file /Users/jwanga/.npmrc
5 verbose config file /usr/local/etc/npmrc
6 verbose config file /usr/local/lib/node_modules/npm/npmrc
7 verbose read json /Users/jwanga/Dev/angular-sprout/scripts/package.json
8 error install Couldn't read dependencies
9 error Error: no version
9 error     at validVersion (/usr/local/lib/node_modules/npm/node_modules/read-package-json/read-json.js:508:32)
9 error     at final (/usr/local/lib/node_modules/npm/node_modules/read-package-json/read-json.js:284:23)
9 error     at /usr/local/lib/node_modules/npm/node_modules/read-package-json/read-json.js:115:33
9 error     at cb (/usr/local/lib/node_modules/npm/node_modules/slide/lib/async-map.js:48:11)
9 error     at /usr/local/lib/node_modules/npm/node_modules/read-package-json/read-json.js:228:59
9 error     at Glob.<anonymous> (/usr/local/lib/node_modules/npm/node_modules/glob/glob.js:92:7)
9 error     at Glob.EventEmitter.emit (events.js:88:17)
9 error     at Glob.emitMatch (/usr/local/lib/node_modules/npm/node_modules/glob/glob.js:252:10)
9 error     at Glob._finish (/usr/local/lib/node_modules/npm/node_modules/glob/glob.js:215:8)
9 error     at Glob.<anonymous> (/usr/local/lib/node_modules/npm/node_modules/glob/glob.js:160:27)
9 error  [Error: no version]
10 error You may report this log at:
10 error     <http://github.com/isaacs/npm/issues>
10 error or email it to:
10 error     <npm-@googlegroups.com>
11 error System Darwin 12.2.0
12 error command "node" "/usr/local/bin/npm" "install"
13 error cwd /Users/jwanga/Dev/angular-sprout/scripts
14 error node -v v0.8.2
15 error npm -v 1.1.36
16 error message no version
17 verbose exit [ 1, true ]
